0 info it worked if it ends with ok
1 verbose cli [ 'node', '/usr/local/bin/npm', 'start' ]
2 info using npm@1.1.49
3 info using node@v0.8.7
4 verbose read json /racker/coLab/backend/package.json
5 warn package.json server@0.0.2 No README.md file found!
6 verbose run-script [ 'prestart', 'start', 'poststart' ]
7 info prestart server@0.0.2
8 info start server@0.0.2
9 verbose unsafe-perm in lifecycle true
10 silly exec sh "-c" "./bin/colab"
11 silly sh,-c,./bin/colab,/racker/coLab/backend spawning
12 info server@0.0.2 Failed to exec start script
13 error server@0.0.2 start: `./bin/colab`
13 error `sh "-c" "./bin/colab"` failed with 1
14 error Failed at the server@0.0.2 start script.
14 error This is most likely a problem with the server package,
14 error not with npm itself.
14 error Tell the author that this fails on your system:
14 error     ./bin/colab
14 error You can get their info via:
14 error     npm owner ls server
14 error There is likely additional logging output above.
15 error System Darwin 12.0.0
16 error command "node" "/usr/local/bin/npm" "start"
17 error cwd /racker/coLab/backend
18 error node -v v0.8.7
19 error npm -v 1.1.49
20 error code ELIFECYCLE
21 verbose exit [ 1, true ]
